[0m14:02:28.559717 [debug] [MainThread]: Sending event: {'category': 'dbt', 'action': 'invocation', 'label': 'start', 'context': [<snowplow_tracker.self_describing_json.SelfDescribingJson object at 0x0000017DFE9E2D90>, <snowplow_tracker.self_describing_json.SelfDescribingJson object at 0x0000017E00E7DEE0>, <snowplow_tracker.self_describing_json.SelfDescribingJson object at 0x0000017E00396B50>]}


============================== 14:02:28.575361 | 6a06427e-01a4-44a2-acc8-b9a3019a7016 ==============================
[0m14:02:28.575361 [info ] [MainThread]: Running with dbt=1.8.7
[0m14:02:28.575361 [debug] [MainThread]: running dbt with arguments {'printer_width': '80', 'indirect_selection': 'eager', 'write_json': 'True', 'log_cache_events': 'False', 'partial_parse': 'True', 'cache_selected_only': 'False', 'profiles_dir': 'C:\\Users\\Julien\\.dbt', 'fail_fast': 'False', 'warn_error': 'None', 'log_path': 'logs', 'debug': 'False', 'version_check': 'True', 'use_colors': 'True', 'use_experimental_parser': 'False', 'no_print': 'None', 'quiet': 'False', 'empty': 'None', 'warn_error_options': 'WarnErrorOptions(include=[], exclude=[])', 'static_parser': 'True', 'log_format': 'default', 'invocation_command': 'dbt init ecomdata_analytics', 'target_path': 'None', 'introspect': 'True', 'send_anonymous_usage_stats': 'True'}
[0m14:02:28.635292 [debug] [MainThread]: Starter project path: p:\de-projects\venvdbt\lib\site-packages\dbt\include\starter_project
[0m14:02:28.659549 [info ] [MainThread]: 
Your new dbt project "ecomdata_analytics" was created!

For more information on how to configure the profiles.yml file,
please consult the dbt documentation here:

  https://docs.getdbt.com/docs/configure-your-profile

One more thing:

Need help? Don't hesitate to reach out to us via GitHub issues or on Slack:

  https://community.getdbt.com/

Happy modeling!

[0m14:02:28.667564 [info ] [MainThread]: Setting up your profile.
[0m14:03:31.166718 [info ] [MainThread]: Profile ecomdata_analytics written to C:\Users\Julien\.dbt\profiles.yml using target's profile_template.yml and your supplied values. Run 'dbt debug' to validate the connection.
[0m14:03:31.185095 [debug] [MainThread]: Command `dbt init` succeeded at 14:03:31.183980 after 62.79 seconds
[0m14:03:31.185095 [debug] [MainThread]: Sending event: {'category': 'dbt', 'action': 'invocation', 'label': 'end', 'context': [<snowplow_tracker.self_describing_json.SelfDescribingJson object at 0x0000017DFE9E2D90>, <snowplow_tracker.self_describing_json.SelfDescribingJson object at 0x0000017E01364F10>, <snowplow_tracker.self_describing_json.SelfDescribingJson object at 0x0000017E012C7610>]}
[0m14:03:31.185095 [debug] [MainThread]: Flushing usage events
[0m16:15:08.348795 [debug] [MainThread]: Sending event: {'category': 'dbt', 'action': 'invocation', 'label': 'start', 'context': [<snowplow_tracker.self_describing_json.SelfDescribingJson object at 0x000002559C7F0A60>, <snowplow_tracker.self_describing_json.SelfDescribingJson object at 0x000002559CD21A90>, <snowplow_tracker.self_describing_json.SelfDescribingJson object at 0x000002559F0B1430>]}


============================== 16:15:08.359802 | 12c97be1-dc03-4a35-9b4c-a07353af9fe1 ==============================
[0m16:15:08.359802 [info ] [MainThread]: Running with dbt=1.8.7
[0m16:15:08.359802 [debug] [MainThread]: running dbt with arguments {'printer_width': '80', 'indirect_selection': 'eager', 'log_cache_events': 'False', 'write_json': 'True', 'partial_parse': 'True', 'cache_selected_only': 'False', 'profiles_dir': 'C:\\Users\\Julien\\.dbt', 'version_check': 'True', 'fail_fast': 'False', 'log_path': 'logs', 'debug': 'False', 'warn_error': 'None', 'use_colors': 'True', 'use_experimental_parser': 'False', 'empty': 'None', 'quiet': 'False', 'no_print': 'None', 'log_format': 'default', 'invocation_command': 'dbt debug', 'introspect': 'True', 'static_parser': 'True', 'target_path': 'None', 'warn_error_options': 'WarnErrorOptions(include=[], exclude=[])', 'send_anonymous_usage_stats': 'True'}
[0m16:15:08.622633 [info ] [MainThread]: dbt version: 1.8.7
[0m16:15:08.622633 [info ] [MainThread]: python version: 3.8.10
[0m16:15:08.622633 [info ] [MainThread]: python path: p:\de-projects\venvdbt\scripts\python.exe
[0m16:15:08.622633 [info ] [MainThread]: os info: Windows-10-10.0.19045-SP0
[0m16:15:08.960994 [info ] [MainThread]: Using profiles dir at C:\Users\Julien\.dbt
[0m16:15:08.976640 [info ] [MainThread]: Using profiles.yml file at C:\Users\Julien\.dbt\profiles.yml
[0m16:15:08.976640 [info ] [MainThread]: Using dbt_project.yml file at P:\de-projects\ECommerce Data Analytics\dbt_project.yml
[0m16:15:08.976640 [error] [MainThread]: Encountered an error:
Internal Error
  Profile should not be None if loading profile completed
[0m16:15:08.993638 [debug] [MainThread]: Command `dbt debug` failed at 16:15:08.991635 after 0.81 seconds
[0m16:15:08.996637 [debug] [MainThread]: Sending event: {'category': 'dbt', 'action': 'invocation', 'label': 'end', 'context': [<snowplow_tracker.self_describing_json.SelfDescribingJson object at 0x000002559C7F0A60>, <snowplow_tracker.self_describing_json.SelfDescribingJson object at 0x000002559CD21A90>, <snowplow_tracker.self_describing_json.SelfDescribingJson object at 0x000002559F1D3A30>]}
[0m16:15:08.998635 [debug] [MainThread]: Flushing usage events
